{
  "stats": {
    "suites": 2,
    "tests": 12,
    "passes": 12,
    "pending": 0,
    "failures": 0,
    "start": "2025-05-28T08:09:25.868Z",
    "end": "2025-05-28T08:09:49.466Z",
    "duration": 23598,
    "testsRegistered": 12,
    "passPercent": 100,
    "pendingPercent": 0,
    "other": 0,
    "hasOther": false,
    "skipped": 0,
    "hasSkipped": false
  },
  "results": [
    {
      "uuid": "d70ddebd-3803-4e4d-999f-030f7453e274",
      "title": "",
      "fullFile": "cypress\\e2e\\admin\\coupons\\create-coupon.cy.js",
      "file": "cypress\\e2e\\admin\\coupons\\create-coupon.cy.js",
      "beforeHooks": [],
      "afterHooks": [],
      "tests": [],
      "suites": [
        {
          "uuid": "44aaa333-2e51-45ff-a0c2-ef2974a9ce7b",
          "title": "(Admin) Tạo mới mã giảm giá",
          "fullFile": "",
          "file": "",
          "beforeHooks": [],
          "afterHooks": [],
          "tests": [],
          "suites": [
            {
              "uuid": "baa3e7cf-7a46-4dc3-b395-3d67faf55db9",
              "title": "Check UI",
              "fullFile": "",
              "file": "",
              "beforeHooks": [],
              "afterHooks": [],
              "tests": [
                {
                  "title": "CCP01: [Loại giảm giá] selectbox - Kiểm tra tiêu đề",
                  "fullTitle": "(Admin) Tạo mới mã giảm giá Check UI CCP01: [Loại giảm giá] selectbox - Kiểm tra tiêu đề",
                  "timedOut": null,
                  "duration": 3301,
                  "state": "passed",
                  "speed": "fast",
                  "pass": true,
                  "fail": false,
                  "pending": false,
                  "context": null,
                  "code": "cy.get('label').contains('Loại giảm giá').should('be.visible');",
                  "err": {},
                  "uuid": "2f0303dd-8ae6-4d91-b7ab-479d57a392fb",
                  "parentUUID": "baa3e7cf-7a46-4dc3-b395-3d67faf55db9",
                  "isHook": false,
                  "skipped": false
                },
                {
                  "title": "CCP02: [Loại giảm giá] selectbox - Kiểm tra placeholder",
                  "fullTitle": "(Admin) Tạo mới mã giảm giá Check UI CCP02: [Loại giảm giá] selectbox - Kiểm tra placeholder",
                  "timedOut": null,
                  "duration": 1791,
                  "state": "passed",
                  "speed": "fast",
                  "pass": true,
                  "fail": false,
                  "pending": false,
                  "context": null,
                  "code": "cy.get('bidv-select[formcontrolname=\"type\"]').find('label').should('contain.text', 'Chọn loại giảm giá');",
                  "err": {},
                  "uuid": "1c051326-fdbb-4d14-b023-c4d5e1fd3b2d",
                  "parentUUID": "baa3e7cf-7a46-4dc3-b395-3d67faf55db9",
                  "isHook": false,
                  "skipped": false
                },
                {
                  "title": "CCP03: [Mã giảm giá] - Kiểm tra tiêu đề",
                  "fullTitle": "(Admin) Tạo mới mã giảm giá Check UI CCP03: [Mã giảm giá] - Kiểm tra tiêu đề",
                  "timedOut": null,
                  "duration": 1843,
                  "state": "passed",
                  "speed": "fast",
                  "pass": true,
                  "fail": false,
                  "pending": false,
                  "context": null,
                  "code": "cy.get('label').contains('Mã giảm giá').should('be.visible');",
                  "err": {},
                  "uuid": "e24404b5-d075-4fb0-bbcb-5330d740fdde",
                  "parentUUID": "baa3e7cf-7a46-4dc3-b395-3d67faf55db9",
                  "isHook": false,
                  "skipped": false
                },
                {
                  "title": "CCP04: [Mã giảm giá] - Kiểm tra placeholder",
                  "fullTitle": "(Admin) Tạo mới mã giảm giá Check UI CCP04: [Mã giảm giá] - Kiểm tra placeholder",
                  "timedOut": null,
                  "duration": 1804,
                  "state": "passed",
                  "speed": "fast",
                  "pass": true,
                  "fail": false,
                  "pending": false,
                  "context": null,
                  "code": "cy.get('bidv-input[formcontrolname=\"code\"]').find('label').should('contain.text', 'Nhập mã giảm giá');",
                  "err": {},
                  "uuid": "58602af8-717f-4682-bc53-5d3ec60d88e8",
                  "parentUUID": "baa3e7cf-7a46-4dc3-b395-3d67faf55db9",
                  "isHook": false,
                  "skipped": false
                },
                {
                  "title": "CCP05: [Phần trăm giảm giá] - Kiểm tra tiêu đề",
                  "fullTitle": "(Admin) Tạo mới mã giảm giá Check UI CCP05: [Phần trăm giảm giá] - Kiểm tra tiêu đề",
                  "timedOut": null,
                  "duration": 1752,
                  "state": "passed",
                  "speed": "fast",
                  "pass": true,
                  "fail": false,
                  "pending": false,
                  "context": null,
                  "code": "cy.get('label').contains('Phần trăm giảm giá').should('be.visible');",
                  "err": {},
                  "uuid": "512b871f-df0d-4d0b-85a5-dbb4e8172cfd",
                  "parentUUID": "baa3e7cf-7a46-4dc3-b395-3d67faf55db9",
                  "isHook": false,
                  "skipped": false
                },
                {
                  "title": "CCP06: [Phần trăm giảm giá] - Kiểm tra placeholder",
                  "fullTitle": "(Admin) Tạo mới mã giảm giá Check UI CCP06: [Phần trăm giảm giá] - Kiểm tra placeholder",
                  "timedOut": null,
                  "duration": 1790,
                  "state": "passed",
                  "speed": "fast",
                  "pass": true,
                  "fail": false,
                  "pending": false,
                  "context": null,
                  "code": "cy.get('bidv-input[formcontrolname=\"percentOff\"]').find('label').should('contain.text', 'Nhập phần trăm giảm giá');",
                  "err": {},
                  "uuid": "033420e2-bcc2-462e-b3d5-44054a48a2bb",
                  "parentUUID": "baa3e7cf-7a46-4dc3-b395-3d67faf55db9",
                  "isHook": false,
                  "skipped": false
                },
                {
                  "title": "CCP07: [Số tiền giảm giá] - Kiểm tra tiêu đề",
                  "fullTitle": "(Admin) Tạo mới mã giảm giá Check UI CCP07: [Số tiền giảm giá] - Kiểm tra tiêu đề",
                  "timedOut": null,
                  "duration": 1832,
                  "state": "passed",
                  "speed": "fast",
                  "pass": true,
                  "fail": false,
                  "pending": false,
                  "context": null,
                  "code": "cy.get('label').contains('Số tiền giảm giá').should('be.visible');",
                  "err": {},
                  "uuid": "9144b5ea-5354-41dc-9555-d1d7001a6eb3",
                  "parentUUID": "baa3e7cf-7a46-4dc3-b395-3d67faf55db9",
                  "isHook": false,
                  "skipped": false
                },
                {
                  "title": "CCP08: [Số tiền giảm giá] - Kiểm tra placeholder",
                  "fullTitle": "(Admin) Tạo mới mã giảm giá Check UI CCP08: [Số tiền giảm giá] - Kiểm tra placeholder",
                  "timedOut": null,
                  "duration": 1784,
                  "state": "passed",
                  "speed": "fast",
                  "pass": true,
                  "fail": false,
                  "pending": false,
                  "context": null,
                  "code": "cy.get('bidv-input[formcontrolname=\"amountOff\"]').find('label').should('contain.text', 'Nhập số tiền giảm giá');",
                  "err": {},
                  "uuid": "1f607ec1-2b97-4ee9-8b73-161bf856e4d8",
                  "parentUUID": "baa3e7cf-7a46-4dc3-b395-3d67faf55db9",
                  "isHook": false,
                  "skipped": false
                },
                {
                  "title": "CCP09: [Số lần áp dụng tối đa] - Kiểm tra tiêu đề",
                  "fullTitle": "(Admin) Tạo mới mã giảm giá Check UI CCP09: [Số lần áp dụng tối đa] - Kiểm tra tiêu đề",
                  "timedOut": null,
                  "duration": 1765,
                  "state": "passed",
                  "speed": "fast",
                  "pass": true,
                  "fail": false,
                  "pending": false,
                  "context": null,
                  "code": "cy.get('label').contains('Số lần áp dụng tối đa').should('be.visible');",
                  "err": {},
                  "uuid": "01741dd6-c28d-4c58-b56e-bf03550bab3a",
                  "parentUUID": "baa3e7cf-7a46-4dc3-b395-3d67faf55db9",
                  "isHook": false,
                  "skipped": false
                },
                {
                  "title": "CCP10: [Số lần áp dụng tối đa] - Kiểm tra placeholder",
                  "fullTitle": "(Admin) Tạo mới mã giảm giá Check UI CCP10: [Số lần áp dụng tối đa] - Kiểm tra placeholder",
                  "timedOut": null,
                  "duration": 1743,
                  "state": "passed",
                  "speed": "fast",
                  "pass": true,
                  "fail": false,
                  "pending": false,
                  "context": null,
                  "code": "cy.get('bidv-input[formcontrolname=\"maxRedeem\"]').find('label').should('contain.text', 'Nhập số lần áp dụng tối đa');",
                  "err": {},
                  "uuid": "a3081278-9e4d-4962-8141-956aaaf431f0",
                  "parentUUID": "baa3e7cf-7a46-4dc3-b395-3d67faf55db9",
                  "isHook": false,
                  "skipped": false
                },
                {
                  "title": "CCP11: [Ngày hết hạn] - Kiểm tra tiêu đề",
                  "fullTitle": "(Admin) Tạo mới mã giảm giá Check UI CCP11: [Ngày hết hạn] - Kiểm tra tiêu đề",
                  "timedOut": null,
                  "duration": 1758,
                  "state": "passed",
                  "speed": "fast",
                  "pass": true,
                  "fail": false,
                  "pending": false,
                  "context": null,
                  "code": "cy.get('label').contains('Ngày hết hạn').should('be.visible');",
                  "err": {},
                  "uuid": "23b64605-79ee-4a0c-94b1-35da86410f31",
                  "parentUUID": "baa3e7cf-7a46-4dc3-b395-3d67faf55db9",
                  "isHook": false,
                  "skipped": false
                },
                {
                  "title": "CCP12: [Ngày hết hạn] - Kiểm tra placeholder",
                  "fullTitle": "(Admin) Tạo mới mã giảm giá Check UI CCP12: [Ngày hết hạn] - Kiểm tra placeholder",
                  "timedOut": null,
                  "duration": 1821,
                  "state": "passed",
                  "speed": "fast",
                  "pass": true,
                  "fail": false,
                  "pending": false,
                  "context": null,
                  "code": "cy.get('bidv-input-date-time[formcontrolname=\"expiredAt\"]').find('label').should('contain.text', 'Chọn ngày hết hạn');",
                  "err": {},
                  "uuid": "40ff7a0d-b702-4813-a454-4025636e6305",
                  "parentUUID": "baa3e7cf-7a46-4dc3-b395-3d67faf55db9",
                  "isHook": false,
                  "skipped": false
                }
              ],
              "suites": [],
              "passes": [
                "2f0303dd-8ae6-4d91-b7ab-479d57a392fb",
                "1c051326-fdbb-4d14-b023-c4d5e1fd3b2d",
                "e24404b5-d075-4fb0-bbcb-5330d740fdde",
                "58602af8-717f-4682-bc53-5d3ec60d88e8",
                "512b871f-df0d-4d0b-85a5-dbb4e8172cfd",
                "033420e2-bcc2-462e-b3d5-44054a48a2bb",
                "9144b5ea-5354-41dc-9555-d1d7001a6eb3",
                "1f607ec1-2b97-4ee9-8b73-161bf856e4d8",
                "01741dd6-c28d-4c58-b56e-bf03550bab3a",
                "a3081278-9e4d-4962-8141-956aaaf431f0",
                "23b64605-79ee-4a0c-94b1-35da86410f31",
                "40ff7a0d-b702-4813-a454-4025636e6305"
              ],
              "failures": [],
              "pending": [],
              "skipped": [],
              "duration": 22984,
              "root": false,
              "rootEmpty": false,
              "_timeout": 2000
            }
          ],
          "passes": [],
          "failures": [],
          "pending": [],
          "skipped": [],
          "duration": 0,
          "root": false,
          "rootEmpty": false,
          "_timeout": 2000
        }
      ],
      "passes": [],
      "failures": [],
      "pending": [],
      "skipped": [],
      "duration": 0,
      "root": true,
      "rootEmpty": true,
      "_timeout": 2000
    }
  ],
  "meta": {
    "mocha": {
      "version": "7.0.1"
    },
    "mochawesome": {
      "options": {
        "quiet": false,
        "reportFilename": "mochawesome",
        "saveHtml": true,
        "saveJson": true,
        "consoleReporter": "spec",
        "useInlineDiffs": false,
        "code": true
      },
      "version": "7.1.3"
    },
    "marge": {
      "options": {
        "reportDir": "cypress/reports",
        "overwrite": false,
        "html": true,
        "json": true
      },
      "version": "6.2.0"
    }
  }
}